<==========================================================>
Explicar melhor o simulador e o por que ele foi criado
<==========================================================>
rever esse note e explicar melhor no box
<==========================================================>
futuramente mudar esse ID para um nome de tela mais interessante, CUIDADO! precisara
		mudar em TODA apostila, provavelmente em capitulos posteriores tambem
<==========================================================>
trocar essa imagem por um que ja usa o component novo, e nao um edittext
<==========================================================>
fazer um service de download de um video do gnarus. Quando finalizar uma notification avisa o usuario
<==========================================================>
foto da barra de progresso
<==========================================================>
Quebrar esse último código em vários passos.
<==========================================================>
Explicar melhor o simulador e o por que ele foi criado
<==========================================================>
rever esse note e explicar melhor no box
<==========================================================>
futuramente mudar esse ID para um nome de tela mais interessante, CUIDADO! precisara
		mudar em TODA apostila, provavelmente em capitulos posteriores tambem
<==========================================================>
trocar essa imagem por um que ja usa o component novo, e nao um edittext
<==========================================================>
fazer um service de download de um video do gnarus. Quando finalizar uma notification avisa o usuario
<==========================================================>
foto da barra de progresso
<==========================================================>
Quebrar esse último código em vários passos.
<==========================================================>
Explicar melhor o simulador e o por que ele foi criado
<==========================================================>
rever esse note e explicar melhor no box
<==========================================================>
futuramente mudar esse ID para um nome de tela mais interessante, CUIDADO! precisara
		mudar em TODA apostila, provavelmente em capitulos posteriores tambem
<==========================================================>
trocar essa imagem por um que ja usa o component novo, e nao um edittext
<==========================================================>
fazer um service de download de um video do gnarus. Quando finalizar uma notification avisa o usuario
<==========================================================>
foto da barra de progresso
<==========================================================>
Quebrar esse último código em vários passos.
<==========================================================>
Explicar melhor o simulador e o por que ele foi criado
<==========================================================>
rever esse note e explicar melhor no box
<==========================================================>
futuramente mudar esse ID para um nome de tela mais interessante, CUIDADO! precisara
		mudar em TODA apostila, provavelmente em capitulos posteriores tambem
<==========================================================>
trocar essa imagem por um que ja usa o component novo, e nao um edittext
<==========================================================>
fazer um service de download de um video do gnarus. Quando finalizar uma notification avisa o usuario
<==========================================================>
foto da barra de progresso
<==========================================================>
Quebrar esse último código em vários passos.
<==========================================================>
Explicar melhor o simulador e o por que ele foi criado
<==========================================================>
rever esse note e explicar melhor no box
<==========================================================>
futuramente mudar esse ID para um nome de tela mais interessante, CUIDADO! precisara
		mudar em TODA apostila, provavelmente em capitulos posteriores tambem
<==========================================================>
trocar essa imagem por um que ja usa o component novo, e nao um edittext
<==========================================================>
fazer um service de download de um video do gnarus. Quando finalizar uma notification avisa o usuario
<==========================================================>
foto da barra de progresso
<==========================================================>
Quebrar esse último código em vários passos.
<==========================================================>
Explicar melhor o simulador e o por que ele foi criado
<==========================================================>
rever esse note e explicar melhor no box
<==========================================================>
futuramente mudar esse ID para um nome de tela mais interessante, CUIDADO! precisara
		mudar em TODA apostila, provavelmente em capitulos posteriores tambem
<==========================================================>
trocar essa imagem por um que ja usa o component novo, e nao um edittext
<==========================================================>
fazer um service de download de um video do gnarus. Quando finalizar uma notification avisa o usuario
<==========================================================>
foto da barra de progresso
<==========================================================>
Quebrar esse último código em vários passos.
<==========================================================>
Explicar melhor o simulador e o por que ele foi criado
<==========================================================>
rever esse note e explicar melhor no box
<==========================================================>
futuramente mudar esse ID para um nome de tela mais interessante, CUIDADO! precisara
		mudar em TODA apostila, provavelmente em capitulos posteriores tambem
<==========================================================>
trocar essa imagem por um que ja usa o component novo, e nao um edittext
<==========================================================>
fazer um service de download de um video do gnarus. Quando finalizar uma notification avisa o usuario
<==========================================================>
foto da barra de progresso
<==========================================================>
Quebrar esse último código em vários passos.
<==========================================================>
Explicar melhor o simulador e o por que ele foi criado
<==========================================================>
rever esse note e explicar melhor no box
<==========================================================>
futuramente mudar esse ID para um nome de tela mais interessante, CUIDADO! precisara
		mudar em TODA apostila, provavelmente em capitulos posteriores tambem
<==========================================================>
trocar essa imagem por um que ja usa o component novo, e nao um edittext
<==========================================================>
fazer um service de download de um video do gnarus. Quando finalizar uma notification avisa o usuario
<==========================================================>
foto da barra de progresso
<==========================================================>
Quebrar esse último código em vários passos.
<==========================================================>
Explicar melhor o simulador e o por que ele foi criado
<==========================================================>
rever esse note e explicar melhor no box
<==========================================================>
futuramente mudar esse ID para um nome de tela mais interessante, CUIDADO! precisara
		mudar em TODA apostila, provavelmente em capitulos posteriores tambem
<==========================================================>
trocar essa imagem por um que ja usa o component novo, e nao um edittext
<==========================================================>
fazer um service de download de um video do gnarus. Quando finalizar uma notification avisa o usuario
<==========================================================>
foto da barra de progresso
<==========================================================>
Quebrar esse último código em vários passos.
